p/Screenshot_26.png 1 0 0 305 399
p/Screenshot_25.png 1 0 0 259 452
p/Screenshot_24.png 1 0 0 282 456
p/Screenshot_23.png 1 0 0 280 444
p/Screenshot_22.png 1 0 0 269 406
p/Screenshot_21.png 1 0 0 261 419
p/Screenshot_20.png 1 0 0 237 420
p/Screenshot_19.png 1 0 0 254 387
p/Screenshot_18.png 1 0 0 281 371
p/Screenshot_17.png 1 0 0 276 414
p/Screenshot_16.png 1 0 0 271 425
p/Screenshot_15.png 1 0 0 282 429
p/Screenshot_14.png 1 0 0 221 412
p/Screenshot_13.png 1 0 0 260 412
p/Screenshot_12.png 1 0 0 277 406
p/Screenshot_11.png 1 0 0 292 419
p/Screenshot_10.png 1 0 0 277 414
p/Screenshot_9.png 1 0 0 229 436
p/Screenshot_8.png 1 0 0 206 443
p/Screenshot_7.png 1 0 0 213 447
p/Screenshot_6.png 1 0 0 368 407
p/Screenshot_5.png 1 0 0 353 435
p/Screenshot_4.png 1 0 0 268 474
p/Screenshot_3.png 1 0 0 271 485
p/Screenshot_2.png 1 0 0 353 478
p/Screenshot_1.png 1 0 0 366 482