p/WIN_20220110_14_04_21_Pro.jpg 1 0 0 718 349
p/WIN_20220110_14_04_19_Pro.jpg 1 0 0 331 509
p/WIN_20220110_14_04_16_Pro.jpg 1 0 0 365 500
p/WIN_20220110_14_04_13_Pro.jpg 1 0 0 674 434
p/WIN_20220110_14_04_11_Pro.jpg 1 0 0 514 394
p/WIN_20220110_14_04_08_Pro.jpg 1 0 0 315 364
p/WIN_20220110_14_04_05_Pro.jpg 1 0 0 595 309
p/WIN_20220110_14_04_02_Pro.jpg 1 0 0 610 317
p/WIN_20220110_14_03_59_Pro.jpg 1 0 0 639 360
p/WIN_20220110_14_03_57_Pro.jpg 1 0 0 568 423
p/WIN_20220110_14_03_54_Pro.jpg 1 0 0 359 479
p/WIN_20220110_14_03_52_Pro.jpg 1 0 0 402 451
p/WIN_20220110_14_03_49_Pro.jpg 1 0 0 552 362
p/WIN_20220110_14_03_46_Pro.jpg 1 0 0 627 288
p/WIN_20220110_14_03_43_Pro.jpg 1 0 0 610 300
p/WIN_20220110_14_03_41_Pro.jpg 1 0 0 411 374
p/WIN_20220110_14_03_38_Pro.jpg 1 0 0 353 370
p/WIN_20220110_14_03_35_Pro.jpg 1 0 0 467 381
p/WIN_20220110_14_03_33_Pro.jpg 1 0 0 672 401
p/WIN_20220110_14_03_30_Pro.jpg 1 0 0 671 280
p/WIN_20220110_14_03_27_Pro.jpg 1 0 0 551 429
p/WIN_20220110_14_03_22_Pro.jpg 1 0 0 510 509
p/WIN_20220110_14_03_20_Pro.jpg 1 0 0 620 293
p/WIN_20220110_14_03_17_Pro.jpg 1 0 0 661 386
p/WIN_20220110_14_03_15_Pro.jpg 1 0 0 553 328
p/WIN_20220110_14_03_12_Pro.jpg 1 0 0 399 394
p/WIN_20220110_14_03_09_Pro.jpg 1 0 0 362 397
p/WIN_20220110_14_03_06_Pro.jpg 1 0 0 458 377
p/WIN_20220110_14_03_03_Pro.jpg 1 0 0 588 341
p/WIN_20220110_14_03_01_Pro.jpg 1 0 0 647 300
p/WIN_20220110_14_02_58_Pro.jpg 1 0 0 675 306
p/WIN_20220110_14_02_55_Pro.jpg 1 0 0 653 322
p/WIN_20220110_14_02_53_Pro.jpg 1 0 0 639 382
p/WIN_20220110_14_03_25_Pro.jpg 1 0 0 394 422
p/WIN_20220110_14_02_50_Pro.jpg 1 0 0 524 463
p/1641813444237.jpg 1 0 0 381 541
p/1641813239661.jpg 1 0 0 450 511
p/1641813168109.jpg 1 0 0 184 132
p/1641813162109.jpg 1 0 0 195 125
p/1641813156357.jpg 1 0 0 135 122
p/1641813151709.jpg 1 0 0 216 108
p/1641813147165.jpg 1 0 0 126 124
p/1641813143558.jpg 1 0 0 200 132
p/1641813139765.jpg 1 0 0 225 128
p/1641813134909.jpg 1 0 0 206 156
p/1641813126046.jpg 1 0 0 166 163
p/1641813112869.jpg 1 0 0 122 151
p/1641813107086.jpg 1 0 0 165 96
p/1641813099965.jpg 1 0 0 116 133
p/1641813094013.jpg 1 0 0 166 139
p/1641813088252.jpg 1 0 0 231 113
p/1641813017862.jpg 1 0 0 212 117
p/1641813011773.jpg 1 0 0 209 117
p/1641813005182.jpg 1 0 0 207 133
p/1641813000823.jpg 1 0 0 211 133
p/1641812995054.jpg 1 0 0 190 157
p/1641812987453.jpg 1 0 0 196 115
p/1641812982221.jpg 1 0 0 145 176
p/1641812976710.jpg 1 0 0 176 147
p/1641812970855.jpg 1 0 0 211 114
p/1641812965110.jpg 1 0 0 223 111
p/1641812960088.jpg 1 0 0 211 123
p/1641812833067.jpg 1 0 0 198 135